[debug] [2022-05-28T15:10:11.703Z] ----------------------------------------------------------------------
[debug] [2022-05-28T15:10:11.764Z] Command:       C:\Program Files\nodejs\node.exe C:\Users\ASUS\AppData\Roaming\npm\node_modules\firebase-tools\lib\bin\firebase.js deploy
[debug] [2022-05-28T15:10:11.766Z] CLI Version:   10.6.0
[debug] [2022-05-28T15:10:11.767Z] Platform:      win32
[debug] [2022-05-28T15:10:11.767Z] Node Version:  v16.13.2
[debug] [2022-05-28T15:10:12.052Z] Time:          Sat May 28 2022 21:10:11 GMT+0600 (Bangladesh Standard Time)
[debug] [2022-05-28T15:10:12.053Z] ----------------------------------------------------------------------
[debug] 
[debug] [2022-05-28T15:10:12.357Z] > command requires scopes: ["email","openid","https://www.googleapis.com/auth/cloudplatformprojects.readonly","https://www.googleapis.com/auth/firebase","https://www.googleapis.com/auth/cloud-platform"]
[debug] [2022-05-28T15:10:12.358Z] > authorizing via signed-in user (mossahidhossain309@gmail.com)
[debug] [2022-05-28T15:10:12.358Z] [iam] checking project assingment-12-hussain for permissions ["firebase.projects.get","firebasehosting.sites.update"]
[debug] [2022-05-28T15:10:12.361Z] > refreshing access token with scopes: []
[debug] [2022-05-28T15:10:12.363Z] >>> HTTP REQUEST POST https://www.googleapis.com/oauth2/v3/token  
 <request body omitted>
[debug] [2022-05-28T15:10:33.500Z] [iam] error while checking permissions, command may fail: FirebaseError: Authentication Error: Your credentials are no longer valid. Please run firebase login --reauth

For CI servers and headless environments, generate a new token with firebase login:ci
[debug] [2022-05-28T15:10:33.501Z] > refreshing access token with scopes: []
[debug] [2022-05-28T15:10:33.501Z] >>> HTTP REQUEST POST https://www.googleapis.com/oauth2/v3/token  
 <request body omitted>
[debug] [2022-05-28T15:10:54.540Z] Authentication Error: Your credentials are no longer valid. Please run firebase login --reauth

For CI servers and headless environments, generate a new token with firebase login:ci
[debug] [2022-05-28T15:11:15.642Z] FirebaseError: Authentication Error: Your credentials are no longer valid. Please run firebase login --reauth

For CI servers and headless environments, generate a new token with firebase login:ci
    at invalidCredentialError (C:\Users\ASUS\AppData\Roaming\npm\node_modules\firebase-tools\lib\auth.js:145:12)
    at refreshTokens (C:\Users\ASUS\AppData\Roaming\npm\node_modules\firebase-tools\lib\auth.js:485:15)
    at processTicksAndRejections (node:internal/process/task_queues:96:5)
    at async Client.getAccessToken (C:\Users\ASUS\AppData\Roaming\npm\node_modules\firebase-tools\lib\apiv2.js:147:23)
    at async Client.addAuthHeader (C:\Users\ASUS\AppData\Roaming\npm\node_modules\firebase-tools\lib\apiv2.js:138:21)
    at async Client.request (C:\Users\ASUS\AppData\Roaming\npm\node_modules\firebase-tools\lib\apiv2.js:94:34)
    at async getFirebaseProject (C:\Users\ASUS\AppData\Roaming\npm\node_modules\firebase-tools\lib\management\projects.js:290:21)
    at async getDefaultHostingSite (C:\Users\ASUS\AppData\Roaming\npm\node_modules\firebase-tools\lib\getDefaultHostingSite.js:8:21)
    at async requireHostingSite (C:\Users\ASUS\AppData\Roaming\npm\node_modules\firebase-tools\lib\requireHostingSite.js:9:18)
    at async Object.fn (C:\Users\ASUS\AppData\Roaming\npm\node_modules\firebase-tools\lib\commands\deploy.js:73:9)
    at async C:\Users\ASUS\AppData\Roaming\npm\node_modules\firebase-tools\lib\command.js:188:17
[error] 
[error] Error: Failed to get Firebase project assingment-12-hussain. Please make sure the project exists and your account has permission to access it.
